Job started at: Fri Dec  5 22:14:50 EST 2025
apptainer version 1.2.5-1.el7
Current git commit: 
68eadfc
Using cached apptainer image
Container started
no checksums to verify
installing to /home/rra80/.local/bin
  uv
  uvx
everything's installed!
uv installed!
uv 0.9.15
Fri Dec  5 22:15:09 2025       
+---------------------------------------------------------------------------------------+
| NVIDIA-SMI 535.154.05             Driver Version: 535.154.05   CUDA Version: 13.0     |
|-----------------------------------------+----------------------+----------------------+
| GPU  Name                 Persistence-M | Bus-Id        Disp.A | Volatile Uncorr. ECC |
| Fan  Temp   Perf          Pwr:Usage/Cap |         Memory-Usage | GPU-Util  Compute M. |
|                                         |                      |               MIG M. |
|=========================================+======================+======================|
|   0  NVIDIA A100-PCIE-40GB          On  | 00000000:17:00.0 Off |                    0 |
| N/A   34C    P0              38W / 250W |      0MiB / 40960MiB |      0%      Default |
|                                         |                      |             Disabled |
+-----------------------------------------+----------------------+----------------------+
|   1  NVIDIA A100-PCIE-40GB          On  | 00000000:31:00.0 Off |                    0 |
| N/A   33C    P0              35W / 250W |      0MiB / 40960MiB |      0%      Default |
|                                         |                      |             Disabled |
+-----------------------------------------+----------------------+----------------------+
|   2  NVIDIA A100-PCIE-40GB          On  | 00000000:B1:00.0 Off |                    0 |
| N/A   32C    P0              37W / 250W |      0MiB / 40960MiB |      0%      Default |
|                                         |                      |             Disabled |
+-----------------------------------------+----------------------+----------------------+
|   3  NVIDIA A100-PCIE-40GB          On  | 00000000:CA:00.0 Off |                    0 |
| N/A   34C    P0              40W / 250W |      0MiB / 40960MiB |      0%      Default |
|                                         |                      |             Disabled |
+-----------------------------------------+----------------------+----------------------+
                                                                                         
+---------------------------------------------------------------------------------------+
| Processes:                                                                            |
|  GPU   GI   CI        PID   Type   Process name                            GPU Memory |
|        ID   ID                                                             Usage      |
|=======================================================================================|
|  No running processes found                                                           |
+---------------------------------------------------------------------------------------+
nvcc: NVIDIA (R) Cuda compiler driver
Copyright (c) 2005-2025 NVIDIA Corporation
Built on Wed_Aug_20_01:58:59_PM_PDT_2025
Cuda compilation tools, release 13.0, V13.0.88
Build cuda_13.0.r13.0/compiler.36424714_0
True 2
Initial population precompiling 100% ━━━━━━━━━━━━━━━━━━━━━━━ 30/30 0.1 configs/s
Initial population exploring neighbors 100% ━━━━━━━━━━━━━━━ 30/30 10.2 configs/s
Generation 1: precompiling 100% ━━━━━━━━━━━━━━━━━━━━━━━━━━━ 47/47 31.4 configs/s
Generation 1: exploring neighbors 100% ━━━━━━━━━━━━━━━━━━━━ 47/47 18.1 configs/s
Generation 2: precompiling 100% ━━━━━━━━━━━━━━━━━━━━━━━━━━━ 43/43 32.3 configs/s
Generation 2: exploring neighbors 100% ━━━━━━━━━━━━━━━━━━━━ 43/43 18.1 configs/s
Generation 3: precompiling 100% ━━━━━━━━━━━━━━━━━━━━━━━━━━━ 41/41 35.3 configs/s
Generation 3: exploring neighbors 100% ━━━━━━━━━━━━━━━━━━━━ 41/41 18.2 configs/s
Benchmarking 100% ━━━━━━━━━━━━━━━━━━━━━━━━━━━━━━━━━━━━━ 469/469 2163.5 configs/s
