Job started at: Fri Dec  5 23:31:57 EST 2025
apptainer version 1.2.5-1.el7
Current git commit: 
1cd70f9
Using cached apptainer image
Container started
no checksums to verify
installing to /home/rra80/.local/bin
  uv
  uvx
everything's installed!
uv installed!
uv 0.9.15
Fri Dec  5 23:32:06 2025       
+---------------------------------------------------------------------------------------+
| NVIDIA-SMI 535.154.05             Driver Version: 535.154.05   CUDA Version: 13.0     |
|-----------------------------------------+----------------------+----------------------+
| GPU  Name                 Persistence-M | Bus-Id        Disp.A | Volatile Uncorr. ECC |
| Fan  Temp   Perf          Pwr:Usage/Cap |         Memory-Usage | GPU-Util  Compute M. |
|                                         |                      |               MIG M. |
|=========================================+======================+======================|
|   0  NVIDIA A100-PCIE-40GB          On  | 00000000:17:00.0 Off |                    0 |
| N/A   35C    P0              38W / 250W |      0MiB / 40960MiB |      0%      Default |
|                                         |                      |             Disabled |
+-----------------------------------------+----------------------+----------------------+
|   1  NVIDIA A100-PCIE-40GB          On  | 00000000:31:00.0 Off |                    0 |
| N/A   35C    P0              40W / 250W |    711MiB / 40960MiB |      0%      Default |
|                                         |                      |             Disabled |
+-----------------------------------------+----------------------+----------------------+
|   2  NVIDIA A100-PCIE-40GB          On  | 00000000:B1:00.0 Off |                    0 |
| N/A   40C    P0              84W / 250W |   1215MiB / 40960MiB |     45%      Default |
|                                         |                      |             Disabled |
+-----------------------------------------+----------------------+----------------------+
|   3  NVIDIA A100-PCIE-40GB          On  | 00000000:CA:00.0 Off |                    0 |
| N/A   38C    P0              73W / 250W |   1223MiB / 40960MiB |     46%      Default |
|                                         |                      |             Disabled |
+-----------------------------------------+----------------------+----------------------+
                                                                                         
+---------------------------------------------------------------------------------------+
| Processes:                                                                            |
|  GPU   GI   CI        PID   Type   Process name                            GPU Memory |
|        ID   ID                                                             Usage      |
|=======================================================================================|
|    1   N/A  N/A      4304      C   ...80/helion-testing/.venv/bin/python3      702MiB |
|    2   N/A  N/A      6654      C   python3                                    1206MiB |
|    3   N/A  N/A      8124      C   python3                                    1214MiB |
+---------------------------------------------------------------------------------------+
nvcc: NVIDIA (R) Cuda compiler driver
Copyright (c) 2005-2025 NVIDIA Corporation
Built on Wed_Aug_20_01:58:59_PM_PDT_2025
Cuda compilation tools, release 13.0, V13.0.88
Build cuda_13.0.r13.0/compiler.36424714_0
True 1
