Job started at: Fri Dec  5 22:43:08 EST 2025
apptainer version 1.2.5-1.el7
Current git commit: 
dec5757
Using cached apptainer image
Container started
no checksums to verify
installing to /home/rra80/.local/bin
  uv
  uvx
everything's installed!
uv installed!
uv 0.9.15
Fri Dec  5 22:43:40 2025       
+---------------------------------------------------------------------------------------+
| NVIDIA-SMI 535.154.05             Driver Version: 535.154.05   CUDA Version: 13.0     |
|-----------------------------------------+----------------------+----------------------+
| GPU  Name                 Persistence-M | Bus-Id        Disp.A | Volatile Uncorr. ECC |
| Fan  Temp   Perf          Pwr:Usage/Cap |         Memory-Usage | GPU-Util  Compute M. |
|                                         |                      |               MIG M. |
|=========================================+======================+======================|
|   0  NVIDIA A100-PCIE-40GB          On  | 00000000:17:00.0 Off |                    0 |
| N/A   40C    P0              79W / 250W |   1047MiB / 40960MiB |     41%      Default |
|                                         |                      |             Disabled |
+-----------------------------------------+----------------------+----------------------+
|   1  NVIDIA A100-PCIE-40GB          On  | 00000000:31:00.0 Off |                    0 |
| N/A   42C    P0              82W / 250W |   1363MiB / 40960MiB |     40%      Default |
|                                         |                      |             Disabled |
+-----------------------------------------+----------------------+----------------------+
|   2  NVIDIA A100-PCIE-40GB          On  | 00000000:B1:00.0 Off |                    0 |
| N/A   33C    P0              38W / 250W |      0MiB / 40960MiB |      0%      Default |
|                                         |                      |             Disabled |
+-----------------------------------------+----------------------+----------------------+
|   3  NVIDIA A100-PCIE-40GB          On  | 00000000:CA:00.0 Off |                    0 |
| N/A   32C    P0              37W / 250W |      0MiB / 40960MiB |      0%      Default |
|                                         |                      |             Disabled |
+-----------------------------------------+----------------------+----------------------+
                                                                                         
+---------------------------------------------------------------------------------------+
| Processes:                                                                            |
|  GPU   GI   CI        PID   Type   Process name                            GPU Memory |
|        ID   ID                                                             Usage      |
|=======================================================================================|
|    0   N/A  N/A     25465      C   python3                                    1038MiB |
|    1   N/A  N/A     25622      C   python3                                    1354MiB |
+---------------------------------------------------------------------------------------+
nvcc: NVIDIA (R) Cuda compiler driver
Copyright (c) 2005-2025 NVIDIA Corporation
Built on Wed_Aug_20_01:58:59_PM_PDT_2025
Cuda compilation tools, release 13.0, V13.0.88
Build cuda_13.0.r13.0/compiler.36424714_0
True 2
Initial population precompiling 100% ━━━━━━━━━━━━━━━━━━━━━ 100/100 0.4 configs/s
Initial population exploring neighbors 100% ━━━━━━━━━━━━━━ 100/100 5.0 configs/s
Verifying initial results 100% ━━━━━━━━━━━━━━━━━━━━━━ 1000/1000 1521.2 configs/s
Generation 1: precompiling 100% ━━━━━━━━━━━━━━━━━━━━━━━━━ 127/127 25.3 configs/s
Generation 1: exploring neighbors 100% ━━━━━━━━━━━━━━━━━━ 127/127 17.4 configs/s
Generation 1: verifying top configs 100% ━━━━━━━━━━━━━━ 1000/1000 57.0 configs/s
Generation 2: precompiling 100% ━━━━━━━━━━━━━━━━━━━━━━━━━ 110/110 59.2 configs/s
Generation 2: exploring neighbors 100% ━━━━━━━━━━━━━━━━━━ 110/110 17.8 configs/s
Generation 2: verifying top configs 100% ━━━━━━━━━━━━━━ 1000/1000 62.6 configs/s
Generation 3: precompiling 100% ━━━━━━━━━━━━━━━━━━━━━━━━━━━ 64/64 85.5 configs/s
Generation 3: exploring neighbors 100% ━━━━━━━━━━━━━━━━━━━━ 64/64 17.9 configs/s
Generation 3: verifying top configs 100% ━━━━━━━━━━━━━━ 1000/1000 94.5 configs/s
Generation 4: precompiling 100% ━━━━━━━━━━━━━━━━━━━━━━━━━━━ 21/21 20.0 configs/s
Generation 4: exploring neighbors 100% ━━━━━━━━━━━━━━━━━━━━ 21/21 17.5 configs/s
Generation 4: verifying top configs 100% ━━━━━━━━━━━━━━ 1000/1000 353.6         
                                                                  configs/s     
Generation 5: precompiling 100% ━━━━━━━━━━━━━━━━━━━━━━━━━━━ 22/22 23.0 configs/s
Generation 5: exploring neighbors 100% ━━━━━━━━━━━━━━━━━━━━ 22/22 18.0 configs/s
Generation 5: verifying top configs 100% ━━━━━━━━━━━━━━ 1000/1000 287.4         
                                                                  configs/s     
Generation 6: precompiling 100% ━━━━━━━━━━━━━━━━━━━━━━━━━━━ 23/23 27.3 configs/s
Generation 6: exploring neighbors 100% ━━━━━━━━━━━━━━━━━━━━ 23/23 18.1 configs/s
Generation 6: verifying top configs 100% ━━━━━━━━━━━━━━ 1000/1000 270.8         
                                                                  configs/s     
Benchmarking 100% ━━━━━━━━━━━━━━━━━━━━━━━━━━━━━━━━━━━━━ 465/465 2176.0 configs/s
