INFO:    underlay of /usr/bin/nvidia-cuda-mps-control required more than 50 (480) bind mounts
15:4: not a valid test operator:  
15:4: not a valid test operator: 13.0
21:4: not a valid test operator: (
21:4: not a valid test operator: 535.154.05
downloading uv 0.9.15 x86_64-unknown-linux-gnu
[31mWARN(B[m: The following commands are shadowed by other commands in your PATH: uv uvx
Resolved 46 packages in 6ms
Audited 41 packages in 318ms
Testing helion correctness...
[0s] Autotune random seed: 42
[0s] Starting PatternSearch with initial_population=100, copies=5, max_generations=500
[302s] Timeout after 300s compiling Config(block_sizes=[64], indexing=['pointer', 'block_ptr', 'pointer', 'block_ptr', 'pointer', 'pointer'], load_eviction_policies=['first', '', 'last', 'first'], num_stages=7, num_warps=1, pid_type='persistent_blocked', range_flattens=[True], range_multi_buffers=[True], range_num_stages=[3], range_unroll_factors=[2], range_warp_specializes=[], reduction_loops=[256])
[302s] Timeout after 300s compiling Config(block_sizes=[512], indexing=['pointer', 'pointer', 'pointer', 'pointer', 'block_ptr', 'pointer'], load_eviction_policies=['first', 'last', 'last', ''], num_stages=4, num_warps=2, pid_type='persistent_blocked', range_flattens=[False], range_multi_buffers=[True], range_num_stages=[1], range_unroll_factors=[0], range_warp_specializes=[], reduction_loops=[256])
[305s] Timeout after 300s compiling Config(block_sizes=[2048], indexing=['pointer', 'pointer', 'pointer', 'block_ptr', 'block_ptr', 'pointer'], load_eviction_policies=['first', 'first', 'first', 'first'], num_stages=7, num_warps=8, pid_type='persistent_blocked', range_flattens=[False], range_multi_buffers=[True], range_num_stages=[4], range_unroll_factors=[3], range_warp_specializes=[], reduction_loops=[256])
[307s] Timeout after 300s compiling Config(block_sizes=[512], indexing=['pointer', 'block_ptr', 'block_ptr', 'block_ptr', 'block_ptr', 'block_ptr'], load_eviction_policies=['last', 'first', '', ''], num_stages=8, num_warps=4, pid_type='persistent_interleaved', range_flattens=[None], range_multi_buffers=[True], range_num_stages=[1], range_unroll_factors=[3], range_warp_specializes=[], reduction_loops=[128])
[309s] Timeout after 300s compiling Config(block_sizes=[32], indexing=['block_ptr', 'block_ptr', 'block_ptr', 'block_ptr', 'pointer', 'pointer'], load_eviction_policies=['last', '', 'first', 'first'], num_stages=5, num_warps=1, pid_type='persistent_blocked', range_flattens=[None], range_multi_buffers=[True], range_num_stages=[1], range_unroll_factors=[4], range_warp_specializes=[], reduction_loops=[1024])
[319s] Initial random population of 100, 5 starting points: timeout=5 ok=95 min=0.0358 mid=0.2591 max=9.2785 best=Config(block_sizes=[1], indexing=['block_ptr', 'block_ptr', 'pointer', 'block_ptr', 'block_ptr', 'block_ptr'], load_eviction_policies=['last', 'last', '', ''], num_stages=7, num_warps=1, pid_type='flat', range_flattens=[None], range_multi_buffers=[None], range_num_stages=[0], range_unroll_factors=[0], range_warp_specializes=[], reduction_loops=[None])
[319s] Generation 1 starting: 124 neighbors, 5 active search path(s)
[337s] Generation 1 complete: ok=129 min=0.0307 mid=0.0532 max=0.1792 best=Config(block_sizes=[1], indexing=['block_ptr', 'block_ptr', 'pointer', 'block_ptr', 'block_ptr', 'block_ptr'], load_eviction_policies=['', 'last', '', ''], num_stages=7, num_warps=1, pid_type='flat', range_flattens=[None], range_multi_buffers=[None], range_num_stages=[0], range_unroll_factors=[0], range_warp_specializes=[], reduction_loops=[None])
[337s] Generation 2 starting: 110 neighbors, 5 active search path(s)
[350s] Generation 2 complete: ok=115 min=0.0358 mid=0.0451 max=0.1331 best=Config(block_sizes=[1], indexing=['block_ptr', 'pointer', 'pointer', 'pointer', 'pointer', 'pointer'], load_eviction_policies=['last', '', '', ''], num_stages=1, num_warps=4, pid_type='flat', range_flattens=[None], range_multi_buffers=[None], range_num_stages=[0], range_unroll_factors=[0], range_warp_specializes=[], reduction_loops=[None])
[350s] Generation 3 starting: 83 neighbors, 4 active search path(s)
[358s] Generation 3 complete: ok=87 min=0.0358 mid=0.0430 max=0.1546 best=Config(block_sizes=[1], indexing=['block_ptr', 'pointer', 'pointer', 'pointer', 'pointer', 'pointer'], load_eviction_policies=['last', '', '', ''], num_stages=1, num_warps=4, pid_type='flat', range_flattens=[None], range_multi_buffers=[None], range_num_stages=[0], range_unroll_factors=[0], range_warp_specializes=[], reduction_loops=[None])
[358s] Generation 4 starting: 44 neighbors, 2 active search path(s)
[363s] Generation 4 complete: ok=47 min=0.0358 mid=0.0410 max=0.1085 best=Config(block_sizes=[1], indexing=['block_ptr', 'pointer', 'pointer', 'pointer', 'pointer', 'pointer'], load_eviction_policies=['last', '', '', ''], num_stages=1, num_warps=4, pid_type='flat', range_flattens=[None], range_multi_buffers=[None], range_num_stages=[0], range_unroll_factors=[0], range_warp_specializes=[], reduction_loops=[None])
[363s] Generation 5 starting: 23 neighbors, 1 active search path(s)
[366s] Generation 5 complete: ok=25 min=0.0358 mid=0.0389 max=0.0963 best=Config(block_sizes=[1], indexing=['block_ptr', 'pointer', 'pointer', 'pointer', 'pointer', 'pointer'], load_eviction_policies=['last', '', '', ''], num_stages=1, num_warps=4, pid_type='flat', range_flattens=[None], range_multi_buffers=[None], range_num_stages=[0], range_unroll_factors=[0], range_warp_specializes=[], reduction_loops=[None])
[366s] Generation 6 starting: 23 neighbors, 1 active search path(s)
[368s] Generation 6 complete: ok=25 min=0.0358 mid=0.0379 max=0.1065 best=Config(block_sizes=[1], indexing=['block_ptr', 'pointer', 'pointer', 'pointer', 'pointer', 'pointer'], load_eviction_policies=['last', '', '', ''], num_stages=1, num_warps=4, pid_type='flat', range_flattens=[None], range_multi_buffers=[None], range_num_stages=[0], range_unroll_factors=[0], range_warp_specializes=[], reduction_loops=[None])
[368s] Autotuning complete in 368.6s after searching 502 configs.
One can hardcode the best config and skip autotuning with:
    @helion.kernel(config=helion.Config(block_sizes=[1], indexing=['block_ptr', 'pointer', 'pointer', 'pointer', 'pointer', 'pointer'], load_eviction_policies=['last', '', '', ''], num_stages=1, num_warps=4, pid_type='flat', range_flattens=[None], range_multi_buffers=[None], range_num_stages=[0], range_unroll_factors=[0], range_warp_specializes=[], reduction_loops=[None]), static_shapes=True)


=================================================================
Benchmark Results
=================================================================
Implementation       Time (ms)    Speedup        
-----------------------------------------------------------------
helion               0.0358       2.17x          
torch                0.0778       1.00x (ref)    
=================================================================

