Job started at: Fri Dec  5 23:22:39 EST 2025
apptainer version 1.2.5-1.el7
Current git commit: 
63ccf44
Using cached apptainer image
Container started
no checksums to verify
installing to /home/rra80/.local/bin
  uv
  uvx
everything's installed!
uv installed!
uv 0.9.15
Fri Dec  5 23:22:52 2025       
+---------------------------------------------------------------------------------------+
| NVIDIA-SMI 535.154.05             Driver Version: 535.154.05   CUDA Version: 13.0     |
|-----------------------------------------+----------------------+----------------------+
| GPU  Name                 Persistence-M | Bus-Id        Disp.A | Volatile Uncorr. ECC |
| Fan  Temp   Perf          Pwr:Usage/Cap |         Memory-Usage | GPU-Util  Compute M. |
|                                         |                      |               MIG M. |
|=========================================+======================+======================|
|   0  NVIDIA A100-PCIE-40GB          On  | 00000000:17:00.0 Off |                    0 |
| N/A   27C    P0              55W / 250W |   1341MiB / 40960MiB |     36%      Default |
|                                         |                      |             Disabled |
+-----------------------------------------+----------------------+----------------------+
|   1  NVIDIA A100-PCIE-40GB          On  | 00000000:31:00.0 Off |                    0 |
| N/A   25C    P0              33W / 250W |      0MiB / 40960MiB |      0%      Default |
|                                         |                      |             Disabled |
+-----------------------------------------+----------------------+----------------------+
                                                                                         
+---------------------------------------------------------------------------------------+
| Processes:                                                                            |
|  GPU   GI   CI        PID   Type   Process name                            GPU Memory |
|        ID   ID                                                             Usage      |
|=======================================================================================|
|    0   N/A  N/A     27423      C   python3                                    1332MiB |
+---------------------------------------------------------------------------------------+
nvcc: NVIDIA (R) Cuda compiler driver
Copyright (c) 2005-2025 NVIDIA Corporation
Built on Wed_Aug_20_01:58:59_PM_PDT_2025
Cuda compilation tools, release 13.0, V13.0.88
Build cuda_13.0.r13.0/compiler.36424714_0
True 1
Initial population precompiling 100% ━━━━━━━━━━━━━━━━━━━━━ 100/100 0.2 configs/s
Initial population exploring neighbors 100% ━━━━━━━━━━━━━ 100/100 15.2 configs/s
Generation 1: precompiling 100% ━━━━━━━━━━━━━━━━━━━━━━━━━ 131/131 22.2 configs/s
Generation 1: exploring neighbors 100% ━━━━━━━━━━━━━━━━━━ 131/131 17.8 configs/s
Generation 1: verifying top configs 100% ━━━━━━━━━━━━━━ 1000/1000 241.2         
                                                                  configs/s     
Generation 2: precompiling 100% ━━━━━━━━━━━━━━━━━━━━━━━━━ 109/109 19.4 configs/s
Generation 2: exploring neighbors 100% ━━━━━━━━━━━━━━━━━━ 109/109 18.0 configs/s
Generation 3: precompiling 100% ━━━━━━━━━━━━━━━━━━━━━━━━━━━ 69/69 23.4 configs/s
Generation 3: exploring neighbors 100% ━━━━━━━━━━━━━━━━━━━━ 69/69 17.7 configs/s
Generation 4: precompiling 100% ━━━━━━━━━━━━━━━━━━━━━━━━━━━ 43/43 27.1 configs/s
Generation 4: exploring neighbors 100% ━━━━━━━━━━━━━━━━━━━━ 43/43 18.0 configs/s
Generation 5: precompiling 100% ━━━━━━━━━━━━━━━━━━━━━━━━━━━ 21/21 30.0 configs/s
Generation 5: exploring neighbors 100% ━━━━━━━━━━━━━━━━━━━━ 21/21 17.8 configs/s
Benchmarking 100% ━━━━━━━━━━━━━━━━━━━━━━━━━━━━━━━━━━━━━ 429/429 2007.9 configs/s
Job completed at: Fri Dec  5 23:29:56 EST 2025
