Job started at: Fri Dec  5 22:58:20 EST 2025
apptainer version 1.2.5-1.el7
Current git commit: 
81009f0
Using cached apptainer image
Container started
no checksums to verify
installing to /home/rra80/.local/bin
  uv
  uvx
everything's installed!
uv installed!
uv 0.9.15
Fri Dec  5 22:58:31 2025       
+---------------------------------------------------------------------------------------+
| NVIDIA-SMI 535.154.05             Driver Version: 535.154.05   CUDA Version: 13.0     |
|-----------------------------------------+----------------------+----------------------+
| GPU  Name                 Persistence-M | Bus-Id        Disp.A | Volatile Uncorr. ECC |
| Fan  Temp   Perf          Pwr:Usage/Cap |         Memory-Usage | GPU-Util  Compute M. |
|                                         |                      |               MIG M. |
|=========================================+======================+======================|
|   0  NVIDIA A100-PCIE-40GB          On  | 00000000:17:00.0 Off |                    0 |
| N/A   39C    P0              63W / 250W |   1297MiB / 40960MiB |     42%      Default |
|                                         |                      |             Disabled |
+-----------------------------------------+----------------------+----------------------+
|   1  NVIDIA A100-PCIE-40GB          On  | 00000000:31:00.0 Off |                    0 |
| N/A   39C    P0              72W / 250W |    965MiB / 40960MiB |     20%      Default |
|                                         |                      |             Disabled |
+-----------------------------------------+----------------------+----------------------+
|   2  NVIDIA A100-PCIE-40GB          On  | 00000000:B1:00.0 Off |                    0 |
| N/A   32C    P0              37W / 250W |    633MiB / 40960MiB |      0%      Default |
|                                         |                      |             Disabled |
+-----------------------------------------+----------------------+----------------------+
|   3  NVIDIA A100-PCIE-40GB          On  | 00000000:CA:00.0 Off |                    0 |
| N/A   33C    P0              39W / 250W |      0MiB / 40960MiB |      0%      Default |
|                                         |                      |             Disabled |
+-----------------------------------------+----------------------+----------------------+
                                                                                         
+---------------------------------------------------------------------------------------+
| Processes:                                                                            |
|  GPU   GI   CI        PID   Type   Process name                            GPU Memory |
|        ID   ID                                                             Usage      |
|=======================================================================================|
|    0   N/A  N/A     28866      C   python3                                    1288MiB |
|    1   N/A  N/A     28811      C   python3                                     956MiB |
|    2   N/A  N/A     29361      C   ...80/helion-testing/.venv/bin/python3      624MiB |
+---------------------------------------------------------------------------------------+
nvcc: NVIDIA (R) Cuda compiler driver
Copyright (c) 2005-2025 NVIDIA Corporation
Built on Wed_Aug_20_01:58:59_PM_PDT_2025
Cuda compilation tools, release 13.0, V13.0.88
Build cuda_13.0.r13.0/compiler.36424714_0
True 1
Initial population precompiling 100% ━━━━━━━━━━━━━━━━━━━━━ 100/100 0.5 configs/s
Initial population exploring neighbors 100% ━━━━━━━━━━━━━ 100/100 10.7 configs/s
Generation 1: precompiling 100% ━━━━━━━━━━━━━━━━━━━━━━━━━ 124/124 25.8 configs/s
Generation 1: exploring neighbors 100% ━━━━━━━━━━━━━━━━━━ 124/124 17.7 configs/s
Generation 1: verifying top configs 100% ━━━━━━━━━━━━━━ 1000/1000 291.6         
                                                                  configs/s     
Generation 2: precompiling 100% ━━━━━━━━━━━━━━━━━━━━━━━━━ 110/110 25.6 configs/s
Generation 2: exploring neighbors 100% ━━━━━━━━━━━━━━━━━━ 110/110 17.8 configs/s
Generation 2: verifying top configs 100% ━━━━━━━━━━━━━ 1000/1000 2329.0         
                                                                 configs/s      
Generation 3: precompiling 100% ━━━━━━━━━━━━━━━━━━━━━━━━━━━ 83/83 37.8 configs/s
Generation 3: exploring neighbors 100% ━━━━━━━━━━━━━━━━━━━━ 83/83 17.9 configs/s
Generation 4: precompiling 100% ━━━━━━━━━━━━━━━━━━━━━━━━━━━ 44/44 41.4 configs/s
Generation 4: exploring neighbors 100% ━━━━━━━━━━━━━━━━━━━━ 44/44 17.9 configs/s
Generation 5: precompiling 100% ━━━━━━━━━━━━━━━━━━━━━━━━━━━ 23/23 49.0 configs/s
Generation 5: exploring neighbors 100% ━━━━━━━━━━━━━━━━━━━━ 23/23 18.2 configs/s
Generation 6: precompiling 100% ━━━━━━━━━━━━━━━━━━━━━━━━━━━ 23/23 41.9 configs/s
Generation 6: exploring neighbors 100% ━━━━━━━━━━━━━━━━━━━━ 23/23 18.2 configs/s
Benchmarking 100% ━━━━━━━━━━━━━━━━━━━━━━━━━━━━━━━━━━━━━ 468/468 2180.7 configs/s
Job completed at: Fri Dec  5 23:05:19 EST 2025
