INFO:    underlay of /usr/bin/nvidia-smi required more than 50 (480) bind mounts
15:4: not a valid test operator:  
15:4: not a valid test operator: 13.0
21:4: not a valid test operator: (
21:4: not a valid test operator: 535.154.05
downloading uv 0.9.15 x86_64-unknown-linux-gnu
[31mWARN(B[m: The following commands are shadowed by other commands in your PATH: uv uvx
Resolved 46 packages in 5ms
Audited 41 packages in 522ms
Testing helion correctness...
[0s] Autotune random seed: 42
Using cached config:
	@helion.kernel(config=helion.Config(block_sizes=[1], indexing=['block_ptr', 'pointer', 'pointer', 'pointer', 'pointer', 'pointer'], load_eviction_policies=['', '', '', ''], num_stages=1, num_warps=2, pid_type='flat', range_flattens=[None], range_multi_buffers=[None], range_num_stages=[0], range_unroll_factors=[0], range_warp_specializes=[], reduction_loops=[None]), static_shapes=True)
[2s] Found cached config for softmax, skipping autotuning.
Cache directory: /tmp/torchinductor_rra80/helion. To run autotuning again, delete the cache directory or set HELION_SKIP_CACHE=1.

=================================================================
Benchmark Results
=================================================================
Implementation       Time (ms)    Speedup        
-----------------------------------------------------------------
helion               0.0451       3.07x          
torch                0.1382       1.00x (ref)    
=================================================================

