Job started at: Fri Dec  5 22:56:20 EST 2025
apptainer version 1.2.5-1.el7
Current git commit: 
9158379
Using cached apptainer image
Container started
no checksums to verify
installing to /home/rra80/.local/bin
  uv
  uvx
everything's installed!
uv installed!
uv 0.9.15
Fri Dec  5 22:56:29 2025       
+---------------------------------------------------------------------------------------+
| NVIDIA-SMI 535.154.05             Driver Version: 535.154.05   CUDA Version: 13.0     |
|-----------------------------------------+----------------------+----------------------+
| GPU  Name                 Persistence-M | Bus-Id        Disp.A | Volatile Uncorr. ECC |
| Fan  Temp   Perf          Pwr:Usage/Cap |         Memory-Usage | GPU-Util  Compute M. |
|                                         |                      |               MIG M. |
|=========================================+======================+======================|
|   0  NVIDIA A100-PCIE-40GB          On  | 00000000:17:00.0 Off |                    0 |
| N/A   35C    P0              39W / 250W |      0MiB / 40960MiB |      0%      Default |
|                                         |                      |             Disabled |
+-----------------------------------------+----------------------+----------------------+
|   1  NVIDIA A100-PCIE-40GB          On  | 00000000:31:00.0 Off |                    0 |
| N/A   35C    P0              38W / 250W |      0MiB / 40960MiB |      0%      Default |
|                                         |                      |             Disabled |
+-----------------------------------------+----------------------+----------------------+
|   2  NVIDIA A100-PCIE-40GB          On  | 00000000:B1:00.0 Off |                    0 |
| N/A   37C    P0              54W / 250W |      0MiB / 40960MiB |      0%      Default |
|                                         |                      |             Disabled |
+-----------------------------------------+----------------------+----------------------+
|   3  NVIDIA A100-PCIE-40GB          On  | 00000000:CA:00.0 Off |                    0 |
| N/A   33C    P0              38W / 250W |      0MiB / 40960MiB |      0%      Default |
|                                         |                      |             Disabled |
+-----------------------------------------+----------------------+----------------------+
                                                                                         
+---------------------------------------------------------------------------------------+
| Processes:                                                                            |
|  GPU   GI   CI        PID   Type   Process name                            GPU Memory |
|        ID   ID                                                             Usage      |
|=======================================================================================|
|  No running processes found                                                           |
+---------------------------------------------------------------------------------------+
nvcc: NVIDIA (R) Cuda compiler driver
Copyright (c) 2005-2025 NVIDIA Corporation
Built on Wed_Aug_20_01:58:59_PM_PDT_2025
Cuda compilation tools, release 13.0, V13.0.88
Build cuda_13.0.r13.0/compiler.36424714_0
True 1
Initial population precompiling 100% ━━━━━━━━━━━━━━━━━━━━━ 100/100 4.9 configs/s
Initial population exploring neighbors 100% ━━━━━━━━━━━━━━ 100/100 8.4 configs/s
Verifying initial results 100% ━━━━━━━━━━━━━━━━━━━━━━ 1000/1000 2248.0 configs/s
Generation 1: precompiling 100% ━━━━━━━━━━━━━━━━━━━━━━━━━ 127/127 84.9 configs/s
Generation 1: exploring neighbors 100% ━━━━━━━━━━━━━━━━━━ 127/127 17.7 configs/s
Generation 1: verifying top configs 100% ━━━━━━━━━━━━━━ 1000/1000 67.6 configs/s
Generation 2: precompiling 100% ━━━━━━━━━━━━━━━━━━━━━━━━━ 110/110 82.5 configs/s
Generation 2: exploring neighbors 100% ━━━━━━━━━━━━━━━━━━ 110/110 17.7 configs/s
Generation 2: verifying top configs 100% ━━━━━━━━━━━━━━ 1000/1000 73.6 configs/s
Generation 3: precompiling 100% ━━━━━━━━━━━━━━━━━━━━━━━━━━━ 84/84 29.8 configs/s
Generation 3: exploring neighbors 100% ━━━━━━━━━━━━━━━━━━━━ 84/84 17.8 configs/s
Generation 3: verifying top configs 100% ━━━━━━━━━━━━━━ 1000/1000 70.7 configs/s
Generation 4: precompiling 100% ━━━━━━━━━━━━━━━━━━━━━━━━━━━ 21/21 67.2 configs/s
Generation 4: exploring neighbors 100% ━━━━━━━━━━━━━━━━━━━━ 21/21 18.0 configs/s
Generation 4: verifying top configs 100% ━━━━━━━━━━━━━━ 1000/1000 306.8         
                                                                  configs/s     
Benchmarking 100% ━━━━━━━━━━━━━━━━━━━━━━━━━━━━━━━━━━━━━ 467/467 2177.6 configs/s
Job completed at: Fri Dec  5 23:04:21 EST 2025
