INFO:    underlay of /usr/bin/nvidia-cuda-mps-control required more than 50 (480) bind mounts
15:4: not a valid test operator:  
15:4: not a valid test operator: 13.0
21:4: not a valid test operator: (
21:4: not a valid test operator: 535.154.05
downloading uv 0.9.15 x86_64-unknown-linux-gnu
[31mWARN(B[m: The following commands are shadowed by other commands in your PATH: uv uvx
Resolved 46 packages in 8ms
Audited 41 packages in 327ms
Testing helion correctness...
[0s] Autotune random seed: 42
[0s] Starting PatternSearch with initial_population=100, copies=5, max_generations=500
[303s] Timeout after 300s compiling Config(block_sizes=[512], indexing=['pointer', 'pointer', 'pointer', 'pointer', 'block_ptr', 'pointer'], load_eviction_policies=['first', 'last', 'last', ''], num_stages=4, num_warps=2, pid_type='persistent_blocked', range_flattens=[False], range_multi_buffers=[True], range_num_stages=[1], range_unroll_factors=[0], range_warp_specializes=[], reduction_loops=[256])
[305s] Timeout after 300s compiling Config(block_sizes=[2048], indexing=['pointer', 'pointer', 'pointer', 'block_ptr', 'block_ptr', 'pointer'], load_eviction_policies=['first', 'first', 'first', 'first'], num_stages=7, num_warps=8, pid_type='persistent_blocked', range_flattens=[False], range_multi_buffers=[True], range_num_stages=[4], range_unroll_factors=[3], range_warp_specializes=[], reduction_loops=[256])
[306s] Timeout after 300s compiling Config(block_sizes=[512], indexing=['pointer', 'block_ptr', 'block_ptr', 'block_ptr', 'block_ptr', 'block_ptr'], load_eviction_policies=['last', 'first', '', ''], num_stages=8, num_warps=4, pid_type='persistent_interleaved', range_flattens=[None], range_multi_buffers=[True], range_num_stages=[1], range_unroll_factors=[3], range_warp_specializes=[], reduction_loops=[128])
[307s] Timeout after 300s compiling Config(block_sizes=[32], indexing=['block_ptr', 'block_ptr', 'block_ptr', 'block_ptr', 'pointer', 'pointer'], load_eviction_policies=['last', '', 'first', 'first'], num_stages=5, num_warps=1, pid_type='persistent_blocked', range_flattens=[None], range_multi_buffers=[True], range_num_stages=[1], range_unroll_factors=[4], range_warp_specializes=[], reduction_loops=[1024])
[314s] Initial random population of 100, 5 starting points: timeout=4 ok=96 min=0.0614 mid=0.4536 max=16.2980 best=Config(block_sizes=[1], indexing=['block_ptr', 'block_ptr', 'pointer', 'block_ptr', 'block_ptr', 'block_ptr'], load_eviction_policies=['last', 'last', '', ''], num_stages=7, num_warps=1, pid_type='flat', range_flattens=[None], range_multi_buffers=[None], range_num_stages=[0], range_unroll_factors=[0], range_warp_specializes=[], reduction_loops=[None])
[314s] Generation 1 starting: 131 neighbors, 5 active search path(s)
[334s] Generation 1 complete: ok=136 min=0.0492 mid=0.0870 max=0.3707 best=Config(block_sizes=[1], indexing=['pointer', 'pointer', 'pointer', 'pointer', 'pointer', 'pointer'], load_eviction_policies=['', 'first', '', ''], num_stages=1, num_warps=4, pid_type='flat', range_flattens=[None], range_multi_buffers=[None], range_num_stages=[0], range_unroll_factors=[0], range_warp_specializes=[], reduction_loops=[None])
[334s] Generation 2 starting: 109 neighbors, 5 active search path(s)
[347s] Generation 2 complete: ok=114 min=0.0492 mid=0.0635 max=0.3758 best=Config(block_sizes=[1], indexing=['pointer', 'pointer', 'pointer', 'pointer', 'pointer', 'pointer'], load_eviction_policies=['', 'first', '', ''], num_stages=1, num_warps=4, pid_type='flat', range_flattens=[None], range_multi_buffers=[None], range_num_stages=[0], range_unroll_factors=[0], range_warp_specializes=[], reduction_loops=[None])
[347s] Generation 3 starting: 69 neighbors, 3 active search path(s)
[355s] Generation 3 complete: ok=73 min=0.0492 mid=0.0604 max=0.1731 best=Config(block_sizes=[1], indexing=['pointer', 'pointer', 'pointer', 'pointer', 'pointer', 'pointer'], load_eviction_policies=['', 'first', '', ''], num_stages=1, num_warps=4, pid_type='flat', range_flattens=[None], range_multi_buffers=[None], range_num_stages=[0], range_unroll_factors=[0], range_warp_specializes=[], reduction_loops=[None])
[355s] Generation 4 starting: 43 neighbors, 2 active search path(s)
[361s] Generation 4 complete: ok=46 min=0.0492 mid=0.0573 max=0.1331 best=Config(block_sizes=[1], indexing=['pointer', 'pointer', 'pointer', 'pointer', 'pointer', 'pointer'], load_eviction_policies=['', 'first', '', ''], num_stages=1, num_warps=4, pid_type='flat', range_flattens=[None], range_multi_buffers=[None], range_num_stages=[0], range_unroll_factors=[0], range_warp_specializes=[], reduction_loops=[None])
[361s] Generation 5 starting: 21 neighbors, 1 active search path(s)
[363s] Generation 5 complete: ok=23 min=0.0492 mid=0.0563 max=0.1106 best=Config(block_sizes=[1], indexing=['pointer', 'pointer', 'pointer', 'pointer', 'pointer', 'pointer'], load_eviction_policies=['', 'first', '', ''], num_stages=1, num_warps=4, pid_type='flat', range_flattens=[None], range_multi_buffers=[None], range_num_stages=[0], range_unroll_factors=[0], range_warp_specializes=[], reduction_loops=[None])
[363s] Autotuning complete in 363.6s after searching 469 configs.
One can hardcode the best config and skip autotuning with:
    @helion.kernel(config=helion.Config(block_sizes=[1], indexing=['pointer', 'pointer', 'pointer', 'pointer', 'pointer', 'pointer'], load_eviction_policies=['', 'first', '', ''], num_stages=1, num_warps=4, pid_type='flat', range_flattens=[None], range_multi_buffers=[None], range_num_stages=[0], range_unroll_factors=[0], range_warp_specializes=[], reduction_loops=[None]), static_shapes=True)


=================================================================
Benchmark Results
=================================================================
Implementation       Time (ms)    Speedup        
-----------------------------------------------------------------
helion               0.0553       1.80x          
torch                0.0993       1.00x (ref)    
=================================================================

