INFO:    underlay of /usr/bin/nvidia-smi required more than 50 (480) bind mounts
15:4: not a valid test operator:  
15:4: not a valid test operator: 13.0
21:4: not a valid test operator: (
21:4: not a valid test operator: 535.154.05
downloading uv 0.9.15 x86_64-unknown-linux-gnu
[31mWARN(B[m: The following commands are shadowed by other commands in your PATH: uv uvx
Resolved 46 packages in 4ms
Audited 41 packages in 26ms
Testing helion correctness...
[0s] Autotune random seed: 42
[2s] Starting autotuning process, this may take a while...
[0s] Starting PatternSearch with initial_population=100, copies=5, max_generations=20
[302s] Timeout after 300s compiling Config(block_sizes=[512], indexing=['pointer', 'pointer', 'pointer', 'pointer', 'block_ptr', 'pointer'], load_eviction_policies=['first', 'last', 'last', ''], num_stages=4, num_warps=2, pid_type='persistent_blocked', range_flattens=[False], range_multi_buffers=[True], range_num_stages=[1], range_unroll_factors=[0], range_warp_specializes=[], reduction_loops=[256])
[303s] Timeout after 300s compiling Config(block_sizes=[2048], indexing=['pointer', 'pointer', 'pointer', 'block_ptr', 'block_ptr', 'pointer'], load_eviction_policies=['first', 'first', 'first', 'first'], num_stages=7, num_warps=8, pid_type='persistent_blocked', range_flattens=[False], range_multi_buffers=[True], range_num_stages=[4], range_unroll_factors=[3], range_warp_specializes=[], reduction_loops=[256])
[303s] Timeout after 300s compiling Config(block_sizes=[512], indexing=['pointer', 'block_ptr', 'block_ptr', 'block_ptr', 'block_ptr', 'block_ptr'], load_eviction_policies=['last', 'first', '', ''], num_stages=8, num_warps=4, pid_type='persistent_interleaved', range_flattens=[None], range_multi_buffers=[True], range_num_stages=[1], range_unroll_factors=[3], range_warp_specializes=[], reduction_loops=[128])
[303s] Timeout after 300s compiling Config(block_sizes=[32], indexing=['block_ptr', 'block_ptr', 'block_ptr', 'block_ptr', 'pointer', 'pointer'], load_eviction_policies=['last', '', 'first', 'first'], num_stages=5, num_warps=1, pid_type='persistent_blocked', range_flattens=[None], range_multi_buffers=[True], range_num_stages=[1], range_unroll_factors=[4], range_warp_specializes=[], reduction_loops=[1024])
[315s] Initial random population of 100, 5 starting points: timeout=4 ok=96 min=0.0358 mid=0.2642 max=9.2662 best=Config(block_sizes=[1], indexing=['block_ptr', 'block_ptr', 'pointer', 'block_ptr', 'block_ptr', 'block_ptr'], load_eviction_policies=['last', 'last', '', ''], num_stages=7, num_warps=1, pid_type='flat', range_flattens=[None], range_multi_buffers=[None], range_num_stages=[0], range_unroll_factors=[0], range_warp_specializes=[], reduction_loops=[None])
[315s] Generation 1 starting: 127 neighbors, 5 active search path(s)
[342s] Generation 1 complete: ok=132 min=0.0317 mid=0.0543 max=0.1393 best=Config(block_sizes=[1], indexing=['block_ptr', 'block_ptr', 'pointer', 'block_ptr', 'block_ptr', 'block_ptr'], load_eviction_policies=['', 'last', '', ''], num_stages=7, num_warps=1, pid_type='flat', range_flattens=[None], range_multi_buffers=[None], range_num_stages=[0], range_unroll_factors=[0], range_warp_specializes=[], reduction_loops=[None])
[342s] Generation 2 starting: 110 neighbors, 5 active search path(s)
[366s] Generation 2 complete: ok=115 min=0.0307 mid=0.0451 max=0.1597 best=Config(block_sizes=[1], indexing=['block_ptr', 'pointer', 'pointer', 'block_ptr', 'block_ptr', 'block_ptr'], load_eviction_policies=['', 'last', '', ''], num_stages=7, num_warps=1, pid_type='flat', range_flattens=[None], range_multi_buffers=[None], range_num_stages=[0], range_unroll_factors=[0], range_warp_specializes=[], reduction_loops=[None])
[366s] Generation 3 starting: 84 neighbors, 4 active search path(s)
[390s] Generation 3 complete: ok=88 min=0.0307 mid=0.0389 max=0.1516 best=Config(block_sizes=[1], indexing=['block_ptr', 'pointer', 'pointer', 'block_ptr', 'block_ptr', 'block_ptr'], load_eviction_policies=['', 'last', '', ''], num_stages=7, num_warps=1, pid_type='flat', range_flattens=[None], range_multi_buffers=[None], range_num_stages=[0], range_unroll_factors=[0], range_warp_specializes=[], reduction_loops=[None])
[390s] Generation 4 starting: 21 neighbors, 1 active search path(s)
[395s] Generation 4 complete: ok=23 min=0.0307 mid=0.0399 max=0.1157 best=Config(block_sizes=[1], indexing=['block_ptr', 'pointer', 'pointer', 'block_ptr', 'block_ptr', 'block_ptr'], load_eviction_policies=['', 'last', '', ''], num_stages=7, num_warps=1, pid_type='flat', range_flattens=[None], range_multi_buffers=[None], range_num_stages=[0], range_unroll_factors=[0], range_warp_specializes=[], reduction_loops=[None])
[395s] Autotuning complete in 395.6s after searching 438 configs.
One can hardcode the best config and skip autotuning with:
    @helion.kernel(config=helion.Config(block_sizes=[1], indexing=['block_ptr', 'pointer', 'pointer', 'block_ptr', 'block_ptr', 'block_ptr'], load_eviction_policies=['', 'last', '', ''], num_stages=7, num_warps=1, pid_type='flat', range_flattens=[None], range_multi_buffers=[None], range_num_stages=[0], range_unroll_factors=[0], range_warp_specializes=[], reduction_loops=[None]), static_shapes=True)


=================================================================
Benchmark Results
=================================================================
Implementation       Time (ms)    Speedup        
-----------------------------------------------------------------
helion               0.0379       2.08x          
torch                0.0788       1.00x (ref)    
=================================================================

